[0mGET /curves [36m304 [0m264.950 ms - -[0m
[0mGET /javascripts/bstats-controller.js [36m304 [0m4.998 ms - -[0m
[0mGET /javascripts/mc-service.js [36m304 [0m5.565 ms - -[0m
[0mGET /javascripts/mc-controller.js [36m304 [0m5.446 ms - -[0m
[0mGET /javascripts/curve-controller.js [36m304 [0m5.477 ms - -[0m
[0mGET /stylesheets/style.css [32m200 [0m54.033 ms - 2565[0m
[0mGET /curves [36m304 [0m480.639 ms - -[0m
[0mGET /javascripts/mc-service.js [36m304 [0m5.224 ms - -[0m
[0mGET /javascripts/mc-controller.js [36m304 [0m5.632 ms - -[0m
[0mGET /javascripts/curve-controller.js [36m304 [0m5.485 ms - -[0m
[0mGET /javascripts/bstats-controller.js [36m304 [0m10.185 ms - -[0m
[0mGET /stylesheets/style.css [32m200 [0m56.348 ms - 2565[0m
[0mGET /bstats [36m304 [0m73.052 ms - -[0m
[0mGET /stylesheets/style.css [36m304 [0m4.801 ms - -[0m
[0mGET /javascripts/mc-service.js [36m304 [0m1.575 ms - -[0m
[0mGET /javascripts/mc-controller.js [36m304 [0m2.572 ms - -[0m
[0mGET /javascripts/curve-controller.js [36m304 [0m2.465 ms - -[0m
[0mGET /javascripts/bstats-controller.js [36m304 [0m2.240 ms - -[0m
[0mGET / [36m304 [0m92.261 ms - -[0m
[0mGET /stylesheets/style.css [36m304 [0m1.373 ms - -[0m
[0mGET /javascripts/mc-service.js [36m304 [0m0.560 ms - -[0m
[0mGET /javascripts/mc-controller.js [36m304 [0m1.193 ms - -[0m
[0mGET /javascripts/curve-controller.js [36m304 [0m1.242 ms - -[0m
[0mGET /javascripts/bstats-controller.js [36m304 [0m1.240 ms - -[0m
[0mGET /curves [36m304 [0m22.284 ms - -[0m
[0mGET /stylesheets/style.css [36m304 [0m2.126 ms - -[0m
[0mGET /javascripts/mc-service.js [36m304 [0m1.400 ms - -[0m
[0mGET /javascripts/mc-controller.js [36m304 [0m1.204 ms - -[0m
[0mGET /javascripts/bstats-controller.js [36m304 [0m1.677 ms - -[0m
[0mGET /javascripts/curve-controller.js [32m200 [0m2.841 ms - 32011[0m
[0mGET /curves [32m200 [0m20.921 ms - 2310[0m
[0mGET /stylesheets/style.css [36m304 [0m1.841 ms - -[0m
[0mGET /javascripts/mc-service.js [36m304 [0m1.899 ms - -[0m
[0mGET /javascripts/mc-controller.js [36m304 [0m1.361 ms - -[0m
[0mGET /javascripts/curve-controller.js [36m304 [0m1.256 ms - -[0m
[0mGET /javascripts/bstats-controller.js [36m304 [0m1.211 ms - -[0m
[0mGET /curves [32m200 [0m28.874 ms - 2325[0m
[0mGET /javascripts/mc-service.js [36m304 [0m2.202 ms - -[0m
[0mGET /javascripts/mc-controller.js [36m304 [0m1.977 ms - -[0m
[0mGET /javascripts/curve-controller.js [36m304 [0m1.839 ms - -[0m
[0mGET /javascripts/bstats-controller.js [36m304 [0m1.699 ms - -[0m
[0mGET /stylesheets/style.css [36m304 [0m4.857 ms - -[0m
[0mGET /curves [32m200 [0m36.310 ms - 2326[0m
[0mGET /javascripts/mc-service.js [36m304 [0m2.085 ms - -[0m
[0mGET /javascripts/mc-controller.js [36m304 [0m1.906 ms - -[0m
[0mGET /javascripts/curve-controller.js [36m304 [0m1.755 ms - -[0m
[0mGET /javascripts/bstats-controller.js [36m304 [0m1.578 ms - -[0m
[0mGET /stylesheets/style.css [36m304 [0m4.704 ms - -[0m
[0mGET /curves [32m200 [0m33.425 ms - 2334[0m
[0mGET /stylesheets/style.css [36m304 [0m2.211 ms - -[0m
[0mGET /javascripts/mc-service.js [36m304 [0m2.079 ms - -[0m
[0mGET /javascripts/mc-controller.js [36m304 [0m1.839 ms - -[0m
[0mGET /javascripts/bstats-controller.js [36m304 [0m2.148 ms - -[0m
[0mGET /javascripts/curve-controller.js [32m200 [0m3.783 ms - 32018[0m
[0mGET /stylesheets/style.css [36m304 [0m1.744 ms - -[0m
[0mGET /curves [36m304 [0m35.433 ms - -[0m
[0mGET /stylesheets/style.css [36m304 [0m2.057 ms - -[0m
[0mGET /javascripts/mc-service.js [36m304 [0m1.525 ms - -[0m
[0mGET /javascripts/mc-controller.js [36m304 [0m1.863 ms - -[0m
[0mGET /javascripts/bstats-controller.js [36m304 [0m1.435 ms - -[0m
[0mGET /javascripts/curve-controller.js [32m200 [0m3.595 ms - 32079[0m
[0mGET /curves [36m304 [0m19.892 ms - -[0m
[0mGET /javascripts/mc-service.js [36m304 [0m2.137 ms - -[0m
[0mGET /javascripts/mc-controller.js [36m304 [0m2.117 ms - -[0m
[0mGET /stylesheets/style.css [36m304 [0m4.209 ms - -[0m
[0mGET /javascripts/bstats-controller.js [36m304 [0m1.825 ms - -[0m
[0mGET /javascripts/curve-controller.js [32m200 [0m5.796 ms - 32114[0m
[0mGET /curves [36m304 [0m16.733 ms - -[0m
[0mGET /javascripts/mc-service.js [36m304 [0m1.630 ms - -[0m
[0mGET /javascripts/mc-controller.js [36m304 [0m2.646 ms - -[0m
[0mGET /stylesheets/style.css [36m304 [0m5.469 ms - -[0m
[0mGET /javascripts/curve-controller.js [32m200 [0m4.576 ms - 32121[0m
[0mGET /javascripts/bstats-controller.js [36m304 [0m1.189 ms - -[0m
[0mGET /curves [36m304 [0m18.921 ms - -[0m
[0mGET /stylesheets/style.css [36m304 [0m1.692 ms - -[0m
[0mGET /javascripts/mc-service.js [36m304 [0m1.495 ms - -[0m
[0mGET /javascripts/mc-controller.js [36m304 [0m1.893 ms - -[0m
[0mGET /javascripts/bstats-controller.js [36m304 [0m2.381 ms - -[0m
[0mGET /javascripts/curve-controller.js [32m200 [0m3.663 ms - 32125[0m
[0mGET /curves [36m304 [0m17.184 ms - -[0m
[0mGET /javascripts/mc-service.js [36m304 [0m2.605 ms - -[0m
[0mGET /javascripts/mc-controller.js [36m304 [0m2.347 ms - -[0m
[0mGET /stylesheets/style.css [36m304 [0m6.690 ms - -[0m
[0mGET /javascripts/bstats-controller.js [36m304 [0m3.105 ms - -[0m
[0mGET /javascripts/curve-controller.js [32m200 [0m6.584 ms - 32129[0m
[0mGET /curves [36m304 [0m17.556 ms - -[0m
[0mGET /stylesheets/style.css [36m304 [0m4.124 ms - -[0m
[0mGET /javascripts/mc-service.js [36m304 [0m2.530 ms - -[0m
[0mGET /javascripts/mc-controller.js [36m304 [0m1.476 ms - -[0m
[0mGET /javascripts/curve-controller.js [32m200 [0m2.529 ms - 32131[0m
[0mGET /javascripts/bstats-controller.js [36m304 [0m1.023 ms - -[0m
[0mGET /curves [36m304 [0m18.722 ms - -[0m
[0mGET /stylesheets/style.css [36m304 [0m5.997 ms - -[0m
[0mGET /javascripts/mc-controller.js [36m304 [0m3.424 ms - -[0m
[0mGET /javascripts/mc-service.js [36m304 [0m2.390 ms - -[0m
[0mGET /javascripts/bstats-controller.js [36m304 [0m2.297 ms - -[0m
[0mGET /javascripts/curve-controller.js [32m200 [0m6.656 ms - 32133[0m
[0mGET /curves [36m304 [0m19.254 ms - -[0m
[0mGET /javascripts/mc-service.js [36m304 [0m1.740 ms - -[0m
[0mGET /javascripts/mc-controller.js [36m304 [0m1.760 ms - -[0m
[0mGET /stylesheets/style.css [36m304 [0m4.237 ms - -[0m
[0mGET /javascripts/curve-controller.js [32m200 [0m4.158 ms - 32121[0m
[0mGET /javascripts/bstats-controller.js [36m304 [0m2.113 ms - -[0m
[0mGET /curves [36m304 [0m17.706 ms - -[0m
[0mGET /stylesheets/style.css [36m304 [0m5.482 ms - -[0m
[0mGET /javascripts/mc-service.js [36m304 [0m4.529 ms - -[0m
[0mGET /javascripts/mc-controller.js [36m304 [0m1.867 ms - -[0m
[0mGET /javascripts/curve-controller.js [32m200 [0m2.225 ms - 32140[0m
[0mGET /javascripts/bstats-controller.js [36m304 [0m0.959 ms - -[0m
[0mGET /curves [36m304 [0m16.454 ms - -[0m
[0mGET /javascripts/mc-service.js [36m304 [0m1.101 ms - -[0m
[0mGET /javascripts/mc-controller.js [36m304 [0m1.684 ms - -[0m
[0mGET /stylesheets/style.css [36m304 [0m3.587 ms - -[0m
[0mGET /javascripts/curve-controller.js [32m200 [0m3.447 ms - 32145[0m
[0mGET /javascripts/bstats-controller.js [36m304 [0m1.621 ms - -[0m
[0mGET /curves [36m304 [0m19.706 ms - -[0m
[0mGET /javascripts/mc-service.js [36m304 [0m3.070 ms - -[0m
[0mGET /javascripts/mc-controller.js [36m304 [0m1.745 ms - -[0m
[0mGET /stylesheets/style.css [36m304 [0m7.432 ms - -[0m
[0mGET /javascripts/curve-controller.js [32m200 [0m5.594 ms - 32145[0m
[0mGET /javascripts/bstats-controller.js [36m304 [0m0.671 ms - -[0m
[0mGET /curves [32m200 [0m20.401 ms - 2353[0m
[0mGET /stylesheets/style.css [36m304 [0m2.319 ms - -[0m
[0mGET /javascripts/mc-service.js [36m304 [0m1.405 ms - -[0m
[0mGET /javascripts/mc-controller.js [36m304 [0m1.162 ms - -[0m
[0mGET /javascripts/curve-controller.js [36m304 [0m1.075 ms - -[0m
[0mGET /javascripts/bstats-controller.js [36m304 [0m1.039 ms - -[0m
[0mGET /curves [32m200 [0m19.005 ms - 2396[0m
[0mGET /stylesheets/style.css [36m304 [0m2.620 ms - -[0m
[0mGET /javascripts/mc-service.js [36m304 [0m0.971 ms - -[0m
[0mGET /javascripts/mc-controller.js [36m304 [0m1.488 ms - -[0m
[0mGET /javascripts/curve-controller.js [36m304 [0m0.902 ms - -[0m
[0mGET /javascripts/bstats-controller.js [36m304 [0m0.665 ms - -[0m
[0mGET /curves [32m200 [0m21.697 ms - 2393[0m
[0mGET /javascripts/mc-service.js [36m304 [0m0.727 ms - -[0m
[0mGET /stylesheets/style.css [36m304 [0m1.981 ms - -[0m
[0mGET /javascripts/mc-controller.js [36m304 [0m0.941 ms - -[0m
[0mGET /javascripts/curve-controller.js [36m304 [0m4.357 ms - -[0m
[0mGET /javascripts/bstats-controller.js [36m304 [0m1.843 ms - -[0m
[0mGET /curves [32m200 [0m17.897 ms - 2404[0m
[0mGET /javascripts/mc-service.js [36m304 [0m0.903 ms - -[0m
[0mGET /javascripts/mc-controller.js [36m304 [0m0.887 ms - -[0m
[0mGET /stylesheets/style.css [36m304 [0m3.355 ms - -[0m
[0mGET /javascripts/curve-controller.js [36m304 [0m1.177 ms - -[0m
[0mGET /javascripts/bstats-controller.js [36m304 [0m0.988 ms - -[0m
[0mGET /curves [32m200 [0m18.625 ms - 2484[0m
[0mGET /stylesheets/style.css [36m304 [0m2.434 ms - -[0m
[0mGET /javascripts/mc-service.js [36m304 [0m1.547 ms - -[0m
[0mGET /javascripts/mc-controller.js [36m304 [0m1.027 ms - -[0m
[0mGET /javascripts/curve-controller.js [36m304 [0m1.113 ms - -[0m
[0mGET /javascripts/bstats-controller.js [36m304 [0m1.499 ms - -[0m
[0mGET /curves [32m200 [0m19.575 ms - 2491[0m
[0mGET /javascripts/mc-service.js [36m304 [0m1.532 ms - -[0m
[0mGET /javascripts/curve-controller.js [36m304 [0m1.854 ms - -[0m
[0mGET /stylesheets/style.css [36m304 [0m5.895 ms - -[0m
[0mGET /javascripts/bstats-controller.js [36m304 [0m1.347 ms - -[0m
[0mGET /javascripts/mc-controller.js [36m304 [0m4.733 ms - -[0m
[0mGET /curves [36m304 [0m18.308 ms - -[0m
[0mGET /javascripts/mc-service.js [36m304 [0m1.295 ms - -[0m
[0mGET /stylesheets/style.css [36m304 [0m2.297 ms - -[0m
[0mGET /javascripts/mc-controller.js [36m304 [0m1.603 ms - -[0m
[0mGET /javascripts/curve-controller.js [36m304 [0m2.057 ms - -[0m
[0mGET /javascripts/bstats-controller.js [36m304 [0m2.212 ms - -[0m
[0mGET /curves [32m200 [0m18.007 ms - 2538[0m
[0mGET /javascripts/mc-service.js [36m304 [0m2.800 ms - -[0m
[0mGET /javascripts/mc-controller.js [36m304 [0m3.789 ms - -[0m
[0mGET /javascripts/curve-controller.js [36m304 [0m3.773 ms - -[0m
[0mGET /javascripts/bstats-controller.js [36m304 [0m3.675 ms - -[0m
[0mGET /stylesheets/style.css [36m304 [0m6.993 ms - -[0m
[0mGET /curves [32m200 [0m18.648 ms - 2544[0m
[0mGET /javascripts/mc-service.js [36m304 [0m1.045 ms - -[0m
[0mGET /stylesheets/style.css [36m304 [0m2.569 ms - -[0m
[0mGET /javascripts/mc-controller.js [36m304 [0m1.454 ms - -[0m
[0mGET /javascripts/curve-controller.js [36m304 [0m1.418 ms - -[0m
[0mGET /javascripts/bstats-controller.js [36m304 [0m0.792 ms - -[0m
[0mGET /curves [36m304 [0m19.669 ms - -[0m
[0mGET /stylesheets/style.css [36m304 [0m1.173 ms - -[0m
[0mGET /javascripts/mc-service.js [36m304 [0m1.065 ms - -[0m
[0mGET /javascripts/mc-controller.js [36m304 [0m0.993 ms - -[0m
[0mGET /javascripts/curve-controller.js [36m304 [0m1.014 ms - -[0m
[0mGET /javascripts/bstats-controller.js [36m304 [0m1.309 ms - -[0m
[0mGET /curves [32m200 [0m17.819 ms - 2569[0m
[0mGET /stylesheets/style.css [36m304 [0m1.173 ms - -[0m
[0mGET /javascripts/mc-service.js [36m304 [0m1.223 ms - -[0m
[0mGET /javascripts/mc-controller.js [36m304 [0m1.142 ms - -[0m
[0mGET /javascripts/curve-controller.js [36m304 [0m1.219 ms - -[0m
[0mGET /javascripts/bstats-controller.js [36m304 [0m1.190 ms - -[0m
[0mGET /curves [32m200 [0m17.661 ms - 2572[0m
[0mGET /javascripts/mc-controller.js [36m304 [0m1.164 ms - -[0m
[0mGET /javascripts/curve-controller.js [36m304 [0m1.212 ms - -[0m
[0mGET /javascripts/bstats-controller.js [36m304 [0m1.312 ms - -[0m
[0mGET /javascripts/mc-service.js [36m304 [0m2.173 ms - -[0m
[0mGET /stylesheets/style.css [36m304 [0m2.734 ms - -[0m
[0mGET /curves [36m304 [0m19.507 ms - -[0m
[0mGET /javascripts/mc-service.js [36m304 [0m1.193 ms - -[0m
[0mGET /javascripts/mc-controller.js [36m304 [0m1.186 ms - -[0m
[0mGET /javascripts/bstats-controller.js [36m304 [0m1.190 ms - -[0m
[0mGET /stylesheets/style.css [36m304 [0m3.238 ms - -[0m
[0mGET /javascripts/curve-controller.js [32m200 [0m3.768 ms - 32237[0m
[0mGET /curves [32m200 [0m20.779 ms - 2572[0m
[0mGET /javascripts/curve-controller.js [32m200 [0m4.013 ms - 32235[0m
[0mGET /javascripts/mc-service.js [32m200 [0m5.515 ms - 3086[0m
[0mGET /stylesheets/style.css [32m200 [0m6.869 ms - 2565[0m
[0mGET /javascripts/mc-controller.js [32m200 [0m5.899 ms - 33501[0m
[0mGET /javascripts/bstats-controller.js [32m200 [0m5.853 ms - 14309[0m
[0mGET /curves [36m304 [0m16.580 ms - -[0m
[0mGET /stylesheets/style.css [36m304 [0m2.107 ms - -[0m
[0mGET /javascripts/mc-service.js [36m304 [0m1.318 ms - -[0m
[0mGET /javascripts/mc-controller.js [36m304 [0m1.562 ms - -[0m
[0mGET /javascripts/bstats-controller.js [36m304 [0m1.527 ms - -[0m
[0mGET /javascripts/curve-controller.js [32m200 [0m4.073 ms - 32344[0m
[0mGET /curves [36m304 [0m16.967 ms - -[0m
[0mGET /javascripts/mc-service.js [36m304 [0m1.601 ms - -[0m
[0mGET /javascripts/mc-controller.js [36m304 [0m1.755 ms - -[0m
[0mGET /javascripts/curve-controller.js [33m404 [0m24.938 ms - 2526[0m
[0mGET /javascripts/bstats-controller.js [36m304 [0m25.047 ms - -[0m
[0mGET /stylesheets/style.css [36m304 [0m27.867 ms - -[0m
[0mGET /curves [36m304 [0m19.442 ms - -[0m
[0mGET /javascripts/mc-service.js [36m304 [0m1.592 ms - -[0m
[0mGET /javascripts/mc-controller.js [36m304 [0m1.560 ms - -[0m
[0mGET /javascripts/bstats-controller.js [36m304 [0m1.585 ms - -[0m
[0mGET /stylesheets/style.css [36m304 [0m5.128 ms - -[0m
[0mGET /javascripts/curve-controller.js [32m200 [0m5.110 ms - 32365[0m
[0mGET /curves [36m304 [0m19.168 ms - -[0m
[0mGET /stylesheets/style.css [36m304 [0m2.677 ms - -[0m
[0mGET /javascripts/mc-service.js [36m304 [0m1.877 ms - -[0m
[0mGET /javascripts/mc-controller.js [36m304 [0m1.243 ms - -[0m
[0mGET /javascripts/bstats-controller.js [36m304 [0m0.961 ms - -[0m
[0mGET /javascripts/curve-controller.js [32m200 [0m1.788 ms - 32403[0m
[0mGET /curves [36m304 [0m21.186 ms - -[0m
[0mGET /javascripts/mc-service.js [36m304 [0m1.033 ms - -[0m
[0mGET /javascripts/mc-controller.js [36m304 [0m0.955 ms - -[0m
[0mGET /stylesheets/style.css [36m304 [0m2.727 ms - -[0m
[0mGET /javascripts/curve-controller.js [32m200 [0m2.422 ms - 32436[0m
[0mGET /javascripts/bstats-controller.js [36m304 [0m0.695 ms - -[0m
[0mGET /curves [36m304 [0m17.797 ms - -[0m
[0mGET /javascripts/mc-service.js [36m304 [0m0.759 ms - -[0m
[0mGET /javascripts/mc-controller.js [36m304 [0m0.797 ms - -[0m
[0mGET /stylesheets/style.css [36m304 [0m3.204 ms - -[0m
[0mGET /javascripts/curve-controller.js [32m200 [0m3.954 ms - 32471[0m
[0mGET /javascripts/bstats-controller.js [36m304 [0m1.824 ms - -[0m
[0mGET /curves [36m304 [0m17.666 ms - -[0m
[0mGET /javascripts/mc-service.js [36m304 [0m0.850 ms - -[0m
[0mGET /javascripts/mc-controller.js [36m304 [0m1.001 ms - -[0m
[0mGET /stylesheets/style.css [36m304 [0m3.194 ms - -[0m
[0mGET /javascripts/bstats-controller.js [36m304 [0m0.889 ms - -[0m
[0mGET /javascripts/curve-controller.js [32m200 [0m3.265 ms - 32471[0m
[0mGET /curves [36m304 [0m18.831 ms - -[0m
[0mGET /javascripts/mc-service.js [36m304 [0m0.699 ms - -[0m
[0mGET /javascripts/mc-controller.js [36m304 [0m1.031 ms - -[0m
[0mGET /stylesheets/style.css [36m304 [0m3.289 ms - -[0m
[0mGET /javascripts/curve-controller.js [32m200 [0m3.044 ms - 32474[0m
[0mGET /javascripts/bstats-controller.js [36m304 [0m1.377 ms - -[0m
[0mGET /curves [36m304 [0m16.620 ms - -[0m
[0mGET /stylesheets/style.css [36m304 [0m1.615 ms - -[0m
[0mGET /javascripts/mc-service.js [36m304 [0m0.966 ms - -[0m
[0mGET /javascripts/mc-controller.js [36m304 [0m1.137 ms - -[0m
[0mGET /javascripts/bstats-controller.js [36m304 [0m0.994 ms - -[0m
[0mGET /javascripts/curve-controller.js [32m200 [0m2.365 ms - 32485[0m
[0mGET /curves [36m304 [0m20.542 ms - -[0m
[0mGET /stylesheets/style.css [36m304 [0m1.387 ms - -[0m
[0mGET /javascripts/mc-service.js [36m304 [0m1.626 ms - -[0m
[0mGET /javascripts/mc-controller.js [36m304 [0m1.528 ms - -[0m
[0mGET /javascripts/bstats-controller.js [36m304 [0m1.531 ms - -[0m
[0mGET /javascripts/curve-controller.js [32m200 [0m2.717 ms - 32485[0m
[0mGET /curves [36m304 [0m16.601 ms - -[0m
[0mGET /javascripts/mc-service.js [36m304 [0m3.201 ms - -[0m
[0mGET /javascripts/mc-controller.js [36m304 [0m3.598 ms - -[0m
[0mGET /javascripts/bstats-controller.js [36m304 [0m3.629 ms - -[0m
[0mGET /stylesheets/style.css [36m304 [0m7.841 ms - -[0m
[0mGET /javascripts/curve-controller.js [32m200 [0m6.360 ms - 32446[0m
[0mGET /curves [36m304 [0m21.433 ms - -[0m
[0mGET /javascripts/mc-service.js [36m304 [0m1.478 ms - -[0m
[0mGET /javascripts/mc-controller.js [36m304 [0m1.450 ms - -[0m
[0mGET /javascripts/curve-controller.js [36m304 [0m1.565 ms - -[0m
[0mGET /javascripts/bstats-controller.js [36m304 [0m1.560 ms - -[0m
[0mGET /stylesheets/style.css [36m304 [0m3.375 ms - -[0m
[0mGET /curves [36m304 [0m20.242 ms - -[0m
[0mGET /stylesheets/style.css [36m304 [0m2.791 ms - -[0m
[0mGET /javascripts/mc-service.js [36m304 [0m2.050 ms - -[0m
[0mGET /javascripts/mc-controller.js [36m304 [0m0.797 ms - -[0m
[0mGET /javascripts/curve-controller.js [36m304 [0m1.333 ms - -[0m
[0mGET /javascripts/bstats-controller.js [36m304 [0m1.470 ms - -[0m
[0mGET /curves [32m200 [0m22.683 ms - 2779[0m
[0mGET /stylesheets/style.css [36m304 [0m16.568 ms - -[0m
[0mGET /javascripts/mc-service.js [36m304 [0m1.649 ms - -[0m
[0mGET /javascripts/mc-controller.js [36m304 [0m2.711 ms - -[0m
[0mGET /javascripts/curve-controller.js [32m200 [0m5.147 ms - 34063[0m
[0mGET /javascripts/bstats-controller.js [36m304 [0m1.203 ms - -[0m
[0mGET /curves [36m304 [0m23.503 ms - -[0m
[0mGET /javascripts/mc-service.js [36m304 [0m0.989 ms - -[0m
[0mGET /javascripts/mc-controller.js [36m304 [0m0.962 ms - -[0m
[0mGET /javascripts/bstats-controller.js [36m304 [0m0.667 ms - -[0m
[0mGET /stylesheets/style.css [36m304 [0m2.698 ms - -[0m
[0mGET /javascripts/curve-controller.js [32m200 [0m3.167 ms - 34083[0m
[0mGET /curves [36m304 [0m18.378 ms - -[0m
[0mGET /stylesheets/style.css [36m304 [0m1.542 ms - -[0m
[0mGET /javascripts/mc-service.js [36m304 [0m1.394 ms - -[0m
[0mGET /javascripts/mc-controller.js [36m304 [0m1.237 ms - -[0m
[0mGET /javascripts/bstats-controller.js [36m304 [0m1.042 ms - -[0m
[0mGET /javascripts/curve-controller.js [32m200 [0m2.385 ms - 34115[0m
[0mGET /curves [36m304 [0m19.175 ms - -[0m
[0mGET /javascripts/mc-service.js [36m304 [0m1.543 ms - -[0m
[0mGET /javascripts/mc-controller.js [36m304 [0m1.649 ms - -[0m
[0mGET /stylesheets/style.css [36m304 [0m5.095 ms - -[0m
[0mGET /javascripts/bstats-controller.js [36m304 [0m2.730 ms - -[0m
[0mGET /javascripts/curve-controller.js [32m200 [0m5.217 ms - 34125[0m
[0mGET /curves [36m304 [0m23.050 ms - -[0m
[0mGET /javascripts/mc-service.js [36m304 [0m1.850 ms - -[0m
[0mGET /javascripts/mc-controller.js [36m304 [0m1.586 ms - -[0m
[0mGET /javascripts/bstats-controller.js [36m304 [0m1.472 ms - -[0m
[0mGET /stylesheets/style.css [36m304 [0m3.808 ms - -[0m
[0mGET /javascripts/curve-controller.js [32m200 [0m3.035 ms - 34122[0m
[0mGET /curves [36m304 [0m21.545 ms - -[0m
[0mGET /stylesheets/style.css [36m304 [0m1.717 ms - -[0m
[0mGET /javascripts/mc-service.js [36m304 [0m1.783 ms - -[0m
[0mGET /javascripts/mc-controller.js [36m304 [0m1.054 ms - -[0m
[0mGET /javascripts/bstats-controller.js [36m304 [0m0.820 ms - -[0m
[0mGET /javascripts/curve-controller.js [32m200 [0m1.961 ms - 34155[0m
[0mGET /curves [36m304 [0m17.753 ms - -[0m
[0mGET /stylesheets/style.css [36m304 [0m1.598 ms - -[0m
[0mGET /javascripts/mc-service.js [36m304 [0m1.353 ms - -[0m
[0mGET /javascripts/mc-controller.js [36m304 [0m2.664 ms - -[0m
[0mGET /javascripts/bstats-controller.js [36m304 [0m1.400 ms - -[0m
[0mGET /javascripts/curve-controller.js [32m200 [0m6.303 ms - 34160[0m
[0mGET /curves [36m304 [0m17.931 ms - -[0m
[0mGET /stylesheets/style.css [36m304 [0m1.930 ms - -[0m
[0mGET /javascripts/mc-service.js [36m304 [0m4.430 ms - -[0m
[0mGET /javascripts/mc-controller.js [36m304 [0m4.396 ms - -[0m
[0mGET /javascripts/bstats-controller.js [36m304 [0m1.240 ms - -[0m
[0mGET /javascripts/curve-controller.js [32m200 [0m4.598 ms - 34098[0m
